This is XeTeX, Version 3.14159265-2.6-0.999992 (TeX Live 2020/W32TeX) (preloaded format=xelatex 2021.1.30)  6 JAN 2024 19:37
entering extended mode
 restricted \write18 enabled.
 %&-line parsing enabled.
**stataquarto.tex
(./stataquarto.tex
LaTeX2e <2020-10-01> patch level 4
L3 programming layer <2021-01-09> xparse <2020-03-03>

! LaTeX Error: File `scrartcl.cls' not found.

Type X to quit or <RETURN> to proceed,
or enter new name. (Default extension: cls)

Enter file name: 
! Emergency stop.
<read *> 
         
l.10 ^^M
         
Here is how much of TeX's memory you used:
 23 strings out of 479212
 409 string characters out of 5873273
 275706 words of memory out of 5000000
 19701 multiletter control sequences out of 15000+600000
 403430 words of font info for 27 fonts, out of 8000000 for 9000
 14 hyphenation exceptions out of 8191
 32i,0n,39p,109b,13s stack positions out of 5000i,500n,10000p,200000b,80000s

No pages of output.
